{"total": {"lines":{"total":40,"covered":12,"skipped":0,"pct":30},"statements":{"total":40,"covered":12,"skipped":0,"pct":30},"functions":{"total":2,"covered":1,"skipped":0,"pct":50},"branches":{"total":2,"covered":1,"skipped":0,"pct":50},"branchesTrue":{"total":0,"covered":0,"skipped":0,"pct":100}}
,"/workspace/9e90bfec-1763-4a78-9f4c-e43da598eb37/sessions/agent_229fa4e2-58bd-443f-8fa1-67ab1f62fb5c/src/main.tsx": {"lines":{"total":21,"covered":0,"skipped":0,"pct":0},"functions":{"total":1,"covered":0,"skipped":0,"pct":0},"statements":{"total":21,"covered":0,"skipped":0,"pct":0},"branches":{"total":1,"covered":0,"skipped":0,"pct":0}}
,"/workspace/9e90bfec-1763-4a78-9f4c-e43da598eb37/sessions/agent_229fa4e2-58bd-443f-8fa1-67ab1f62fb5c/src/integrations/supabase/client.ts": {"lines":{"total":12,"covered":12,"skipped":0,"pct":100},"functions":{"total":0,"covered":0,"skipped":0,"pct":100},"statements":{"total":12,"covered":12,"skipped":0,"pct":100},"branches":{"total":0,"covered":0,"skipped":0,"pct":100}}
,"/workspace/9e90bfec-1763-4a78-9f4c-e43da598eb37/sessions/agent_229fa4e2-58bd-443f-8fa1-67ab1f62fb5c/src/integrations/supabase/types.ts": {"lines":{"total":7,"covered":0,"skipped":0,"pct":0},"functions":{"total":1,"covered":1,"skipped":0,"pct":100},"statements":{"total":7,"covered":0,"skipped":0,"pct":0},"branches":{"total":1,"covered":1,"skipped":0,"pct":100}}
}
